Using pre-set license
Built from '2020.3/staging' branch; Version is '2020.3.9f1 (108be757e447) revision 1084391'; Using compiler version '192528614'; Build Type 'Release'
OS: 'Windows 10 Home Single Language; OS build 19043.1237; Version 2009; 64bit' Language: 'en' Physical Memory: 8025 MB
BatchMode: 1, IsHumanControllingUs: 0, StartBugReporterOnCrash: 0, Is64bit: 1, IsPro: 0

 COMMAND LINE ARGUMENTS:
C:\Program Files\Unity\Hub\Editor\2020.3.9f1\Editor\Unity.exe
-adb2
-batchMode
-noUpm
-name
AssetImportWorker0
-projectPath
D:/My Games/Unity/Jungle-Hunt/Jungle_Hunt_GDS
-logFile
Logs/AssetImportWorker0.log
-srvPort
6719
Successfully changed project path to: D:/My Games/Unity/Jungle-Hunt/Jungle_Hunt_GDS
D:/My Games/Unity/Jungle-Hunt/Jungle_Hunt_GDS
Using Asset Import Pipeline V2.
Refreshing native plugins compatible for Editor in 82.23 ms, found 1 plugins.
Preloading 0 native plugins for Editor in 0.00 ms.
Initialize engine version: 2020.3.9f1 (108be757e447)
[Subsystems] Discovering subsystems at path C:/Program Files/Unity/Hub/Editor/2020.3.9f1/Editor/Data/Resources/UnitySubsystems
[Subsystems] Discovering subsystems at path D:/My Games/Unity/Jungle-Hunt/Jungle_Hunt_GDS/Assets
GfxDevice: creating device client; threaded=0
Direct3D:
    Version:  Direct3D 11.0 [level 11.0]
    Renderer: NVIDIA GeForce MX130 (ID=0x174d)
    Vendor:   
    VRAM:     2010 MB
    Driver:   27.21.14.6230
Initialize mono
Mono path[0] = 'C:/Program Files/Unity/Hub/Editor/2020.3.9f1/Editor/Data/Managed'
Mono path[1] = 'C:/Program Files/Unity/Hub/Editor/2020.3.9f1/Editor/Data/MonoBleedingEdge/lib/mono/unityjit'
Mono config path = 'C:/Program Files/Unity/Hub/Editor/2020.3.9f1/Editor/Data/MonoBleedingEdge/etc'
Using monoOptions --debugger-agent=transport=dt_socket,embedding=1,server=y,suspend=n,address=127.0.0.1:56836
Begin MonoManager ReloadAssembly
Registering precompiled unity dll's ...
Register platform support module: C:/Program Files/Unity/Hub/Editor/2020.3.9f1/Editor/Data/PlaybackEngines/WindowsStandaloneSupport/UnityEditor.WindowsStandalone.Extensions.dll
Registered in 0.005220 seconds.
Native extension for WindowsStandalone target not found
Refreshing native plugins compatible for Editor in 85.53 ms, found 1 plugins.
Preloading 0 native plugins for Editor in 0.00 ms.
Mono: successfully reloaded assembly
- Completed reload, in  4.496 seconds
Platform modules already initialized, skipping
Registering precompiled user dll's ...
Registered in 0.002037 seconds.
Begin MonoManager ReloadAssembly
Native extension for WindowsStandalone target not found
Refreshing native plugins compatible for Editor in 81.66 ms, found 1 plugins.
Preloading 0 native plugins for Editor in 0.00 ms.
Mono: successfully reloaded assembly
- Completed reload, in  2.165 seconds
Platform modules already initialized, skipping
========================================================================
Worker process is ready to serve import requests
Launched and connected shader compiler UnityShaderCompiler.exe after 0.09 seconds
Refreshing native plugins compatible for Editor in 0.57 ms, found 1 plugins.
Preloading 0 native plugins for Editor in 0.00 ms.
Unloading 1808 Unused Serialized files (Serialized files now loaded: 0)
System memory in use before: 84.8 MB.
System memory in use after: 84.9 MB.

Unloading 19 unused Assets to reduce memory usage. Loaded Objects now: 2256.
Total: 4.089300 ms (FindLiveObjects: 0.304400 ms CreateObjectMapping: 0.119900 ms MarkObjects: 3.547100 ms  DeleteObjects: 0.116100 ms)

========================================================================
Received Import Request.
  path: Assets/Animations
  artifactKey: Guid(40a05a4cb1192724d8fc6960c2cc81f9) Importer(815301076,1909f56bfc062723c751e8b465ee728b)
Start importing Assets/Animations using Guid(40a05a4cb1192724d8fc6960c2cc81f9) Importer(815301076,1909f56bfc062723c751e8b465ee728b)  -> (artifact id: '4aa04658c033f6c625b350be1eeb3e67') in 0.009460 seconds
  Import took 0.014756 seconds .

========================================================================
Received Import Request.
  Time since last request: 0.000561 seconds.
  path: Assets/Animations/Scenes
  artifactKey: Guid(7d0bbe3cdc28bb249ab434b172dba26f) Importer(815301076,1909f56bfc062723c751e8b465ee728b)
Start importing Assets/Animations/Scenes using Guid(7d0bbe3cdc28bb249ab434b172dba26f) Importer(815301076,1909f56bfc062723c751e8b465ee728b)  -> (artifact id: '527813bf9c3bd4b4728150c19089c4ba') in 0.005089 seconds
  Import took 0.010843 seconds .

========================================================================
Received Import Request.
  Time since last request: 0.905771 seconds.
  path: Assets/Animations/Animations
  artifactKey: Guid(8c2f98446195d414fb0eb3c61da619d4) Importer(815301076,1909f56bfc062723c751e8b465ee728b)
Start importing Assets/Animations/Animations using Guid(8c2f98446195d414fb0eb3c61da619d4) Importer(815301076,1909f56bfc062723c751e8b465ee728b)  -> (artifact id: 'e58c09d9d5279192326d02064e09cbc5') in 0.106873 seconds
  Import took 0.112514 seconds .

========================================================================
Received Import Request.
  Time since last request: 2.395152 seconds.
  path: Assets/Animations/Aniamtor Controller
  artifactKey: Guid(b7fe67b1b03c4354c88fa9058eaedace) Importer(815301076,1909f56bfc062723c751e8b465ee728b)
Start importing Assets/Animations/Aniamtor Controller using Guid(b7fe67b1b03c4354c88fa9058eaedace) Importer(815301076,1909f56bfc062723c751e8b465ee728b)  -> (artifact id: '0cab216d286248e82112905c30b63d67') in 0.004843 seconds
  Import took 0.010368 seconds .

========================================================================
Received Import Request.
  Time since last request: 0.011730 seconds.
  path: Assets/Animations/Aniamtor Controller
  artifactKey: Guid(b7fe67b1b03c4354c88fa9058eaedace) Importer(815301076,1909f56bfc062723c751e8b465ee728b)
Start importing Assets/Animations/Aniamtor Controller using Guid(b7fe67b1b03c4354c88fa9058eaedace) Importer(815301076,1909f56bfc062723c751e8b465ee728b)  -> (artifact id: '0cab216d286248e82112905c30b63d67') in 0.004225 seconds
  Import took 0.009576 seconds .

========================================================================
Received Import Request.
  Time since last request: 3.757267 seconds.
  path: Assets/Animations/Crouch_shoot.anim
  artifactKey: Guid(fb52e283510256e408a5dff0b266d97b) Importer(815301076,1909f56bfc062723c751e8b465ee728b)
Start importing Assets/Animations/Crouch_shoot.anim using Guid(fb52e283510256e408a5dff0b266d97b) Importer(815301076,1909f56bfc062723c751e8b465ee728b)  -> (artifact id: '210e6020c28c7074908da5db9ad31a80') in 0.061316 seconds
  Import took 0.067158 seconds .

========================================================================
Received Import Request.
  Time since last request: 0.002738 seconds.
  path: Assets/Animations/Crouch_shoot.anim
  artifactKey: Guid(fb52e283510256e408a5dff0b266d97b) Importer(815301076,1909f56bfc062723c751e8b465ee728b)
Start importing Assets/Animations/Crouch_shoot.anim using Guid(fb52e283510256e408a5dff0b266d97b) Importer(815301076,1909f56bfc062723c751e8b465ee728b)  -> (artifact id: '210e6020c28c7074908da5db9ad31a80') in 0.007049 seconds
  Import took 0.013056 seconds .

========================================================================
Received Import Request.
  Time since last request: 5.832890 seconds.
  path: Assets/Animations/Animations/Crouch_shoot.anim
  artifactKey: Guid(fb52e283510256e408a5dff0b266d97b) Importer(815301076,1909f56bfc062723c751e8b465ee728b)
Start importing Assets/Animations/Animations/Crouch_shoot.anim using Guid(fb52e283510256e408a5dff0b266d97b) Importer(815301076,1909f56bfc062723c751e8b465ee728b)  -> (artifact id: 'fddce29f8d472b38f570964f27914224') in 0.005426 seconds
  Import took 0.010920 seconds .

========================================================================
Received Import Request.
  Time since last request: 1.180214 seconds.
  path: Assets/Animations/john_crouch_shoot_ng_0.controller
  artifactKey: Guid(46420146d0e53f245868113e5713fe0f) Importer(815301076,1909f56bfc062723c751e8b465ee728b)
Start importing Assets/Animations/john_crouch_shoot_ng_0.controller using Guid(46420146d0e53f245868113e5713fe0f) Importer(815301076,1909f56bfc062723c751e8b465ee728b)  -> (artifact id: '1b4b1ab28f18dc6900e26f016d4b5667') in 0.010271 seconds
  Import took 0.015986 seconds .

========================================================================
Received Import Request.
  Time since last request: 0.002766 seconds.
  path: Assets/Animations/john_crouch_shoot_ng_0.controller
  artifactKey: Guid(46420146d0e53f245868113e5713fe0f) Importer(815301076,1909f56bfc062723c751e8b465ee728b)
Start importing Assets/Animations/john_crouch_shoot_ng_0.controller using Guid(46420146d0e53f245868113e5713fe0f) Importer(815301076,1909f56bfc062723c751e8b465ee728b)  -> (artifact id: '1b4b1ab28f18dc6900e26f016d4b5667') in 0.005447 seconds
  Import took 0.010844 seconds .

========================================================================
Received Import Request.
  Time since last request: 1.629788 seconds.
  path: Assets/Animations/john_idle_0.controller
  artifactKey: Guid(64e4b3510e73e104b9ae6baa77b51cc7) Importer(815301076,1909f56bfc062723c751e8b465ee728b)
Start importing Assets/Animations/john_idle_0.controller using Guid(64e4b3510e73e104b9ae6baa77b51cc7) Importer(815301076,1909f56bfc062723c751e8b465ee728b)  -> (artifact id: 'f25d92c85ceba801f82f23c73ba420d4') in 0.005680 seconds
  Import took 0.012017 seconds .

========================================================================
Received Import Request.
  Time since last request: 1.401608 seconds.
  path: Assets/Animations/john_jump_ng_aimdiagdown_0.controller
  artifactKey: Guid(8c1844652b63951408e622f1f7ecd678) Importer(815301076,1909f56bfc062723c751e8b465ee728b)
Start importing Assets/Animations/john_jump_ng_aimdiagdown_0.controller using Guid(8c1844652b63951408e622f1f7ecd678) Importer(815301076,1909f56bfc062723c751e8b465ee728b)  -> (artifact id: 'd508b5b49a0c5a1258b698ee739b3265') in 0.105868 seconds
  Import took 0.112403 seconds .

========================================================================
Received Import Request.
  Time since last request: 13.919620 seconds.
  path: Assets/Animations/Aniamtor Controller/john_idle_0.controller
  artifactKey: Guid(64e4b3510e73e104b9ae6baa77b51cc7) Importer(815301076,1909f56bfc062723c751e8b465ee728b)
Start importing Assets/Animations/Aniamtor Controller/john_idle_0.controller using Guid(64e4b3510e73e104b9ae6baa77b51cc7) Importer(815301076,1909f56bfc062723c751e8b465ee728b)  -> (artifact id: '60e9e9a9018006c6c31319998ab4fec1') in 0.006504 seconds
  Import took 0.012002 seconds .

========================================================================
Received Import Request.
  Time since last request: 2.116302 seconds.
  path: Assets/Animations/player
  artifactKey: Guid(acfa7b6b66649754d921f7a7442fd6fd) Importer(815301076,1909f56bfc062723c751e8b465ee728b)
Start importing Assets/Animations/player using Guid(acfa7b6b66649754d921f7a7442fd6fd) Importer(815301076,1909f56bfc062723c751e8b465ee728b)  -> (artifact id: '8de34dada535fa284b4bdf0dc0504c0c') in 0.004594 seconds
  Import took 0.009992 seconds .

